2018/02/21 13:30:15 [INFO] Created default configuration file at /etc/hyperledger/fabric-ca/fabric-ca-server-config.yaml
2018/02/21 13:30:15 [INFO] Server Version: 1.1.0-alpha
2018/02/21 13:30:15 [INFO] Server Levels: &{Identity:1 Affiliation:1 Certificate:1}
2018/02/21 13:30:15 [DEBUG] Making server filenames absolute
2018/02/21 13:30:15 [DEBUG] Initializing default CA in directory /etc/hyperledger/fabric-ca
2018/02/21 13:30:15 [DEBUG] Init CA with home /etc/hyperledger/fabric-ca and config {Version:1.1.0-alpha Cfg:{Identities:{AllowRemove:false} Affiliations:{AllowRemove:false}} CA:{Name: Keyfile: Certfile:ca-cert.pem Chainfile:ca-chain.pem} Signing:0xc4202e3220 CSR:{CN:rca-org2 Names:[{C:US ST:North Carolina L: O:Hyperledger OU:Fabric SerialNumber:}] Hosts:[rca-org2] KeyRequest:<nil> CA:0xc4202bb4c0 SerialNumber:} Registry:{MaxEnrollments:-1 Identities:[{ Name:**** Pass:**** Type:client Affiliation: MaxEnrollments:0 Attrs:map[hf.Registrar.DelegateRoles:peer,orderer,client,user hf.Revoker:1 hf.IntermediateCA:1 hf.GenCRL:1 hf.Registrar.Attributes:* hf.AffiliationMgr:1 hf.Registrar.Roles:peer,orderer,client,user]  }]} Affiliations:map[org1:[department1 department2] org2:[department1]] LDAP:{ Enabled:false URL:ldap://****:****@<host>:<port>/<base> UserFilter:(uid=%s) GroupFilter:(memberUid=%s) Attribute:{[uid member] [{ }] map[groups:[{ }]]} TLS:{false [] { }}  } DB:{ Type:sqlite3 Datasource:fabric-ca-server.db TLS:{false [] { }}  } CSP:0xc4202bb560 Client:<nil> Intermediate:{ParentServer:{ URL: CAName:  } TLS:{Enabled:false CertFiles:[] Client:{KeyFile: CertFile:}} Enrollment:{ Name: Secret:**** Profile: Label: CSR:<nil> CAName: AttrReqs:[]  }} CRL:{Expiry:24h0m0s}}
2018/02/21 13:30:15 [DEBUG] CA Home Directory: /etc/hyperledger/fabric-ca
2018/02/21 13:30:15 [DEBUG] Checking configuration file version '1.1.0-alpha' against server version: '1.1.0-alpha'
2018/02/21 13:30:15 [DEBUG] Initializing BCCSP: &{ProviderName:SW SwOpts:0xc4202c12c0 Pkcs11Opts:<nil>}
2018/02/21 13:30:15 [DEBUG] Initializing BCCSP with software options &{SecLevel:256 HashFamily:SHA2 Ephemeral:false FileKeystore:0xc4202f8960 DummyKeystore:<nil>}
2018/02/21 13:30:15 [DEBUG] Initialize key material
2018/02/21 13:30:15 [DEBUG] Making CA filenames absolute
2018/02/21 13:30:15 [DEBUG] Root CA certificate request: {CN:rca-org2 Names:[{C:US ST:North Carolina L: O:Hyperledger OU:Fabric SerialNumber:}] Hosts:[rca-org2] KeyRequest:0xc4202fc5e0 CA:0xc4202bb4c0 SerialNumber:}
2018/02/21 13:30:15 [INFO] generating key: &{A:ecdsa S:256}
2018/02/21 13:30:15 [DEBUG] generate key from request: algo=ecdsa, size=256
2018/02/21 13:30:15 [INFO] encoded CSR
2018/02/21 13:30:15 [DEBUG] validating configuration
2018/02/21 13:30:15 [DEBUG] validate local profile
2018/02/21 13:30:15 [DEBUG] profile is valid
2018/02/21 13:30:15 [INFO] signed certificate with serial number 337091266515310306893794290001719493699259489650
2018/02/21 13:30:15 [INFO] The CA key and certificate were generated for CA 
2018/02/21 13:30:15 [INFO] The key was stored by BCCSP provider 'SW'
2018/02/21 13:30:15 [INFO] The certificate is at: /etc/hyperledger/fabric-ca/ca-cert.pem
2018/02/21 13:30:15 [DEBUG] Initializing DB
2018/02/21 13:30:15 [DEBUG] Initializing 'sqlite3' database at '/etc/hyperledger/fabric-ca/fabric-ca-server.db'
2018/02/21 13:30:15 [DEBUG] Using sqlite database, connect to database in home (/etc/hyperledger/fabric-ca/fabric-ca-server.db) directory
2018/02/21 13:30:15 [DEBUG] Creating SQLite database (/etc/hyperledger/fabric-ca/fabric-ca-server.db) if it does not exist...
2018/02/21 13:30:15 [DEBUG] Creating users table if it does not exist
2018/02/21 13:30:15 [DEBUG] Creating affiliations table if it does not exist
2018/02/21 13:30:15 [DEBUG] Creating certificates table if it does not exist
2018/02/21 13:30:15 [DEBUG] Creating properties table if it does not exist
2018/02/21 13:30:15 [DEBUG] Successfully opened sqlite3 DB
2018/02/21 13:30:15 [DEBUG] Checking database schema...
2018/02/21 13:30:15 [DEBUG] Update SQLite schema, if using outdated schema
2018/02/21 13:30:15 [DEBUG] Upgrade identities table
2018/02/21 13:30:15 [DEBUG] Creating users table if it does not exist
2018/02/21 13:30:15 [DEBUG] Upgrade affiliation table
2018/02/21 13:30:15 [DEBUG] Creating affiliations table if it does not exist
2018/02/21 13:30:15 [DEBUG] Upgrade certificates table
2018/02/21 13:30:15 [DEBUG] Creating certificates table if it does not exist
2018/02/21 13:30:15 [DEBUG] Initializing identity registry
2018/02/21 13:30:15 [DEBUG] Initialized DB identity registry
2018/02/21 13:30:15 [DEBUG] DB: Get properties [identity.level affiliation.level certificate.level]
2018/02/21 13:30:15 [DEBUG] Checking database levels 'map[affiliation.level:0 certificate.level:0 identity.level:0]' against server levels '&{Identity:1 Affiliation:1 Certificate:1}'
2018/02/21 13:30:15 [DEBUG] Loading identity table
2018/02/21 13:30:15 [DEBUG] Loading identity 'rca-org2-admin'
2018/02/21 13:30:15 [DEBUG] DB: Getting identity rca-org2-admin
2018/02/21 13:30:15 [DEBUG] Max enrollment value verification - User specified max enrollment: 0, CA max enrollment: -1
2018/02/21 13:30:15 [DEBUG] DB: Add identity rca-org2-admin
2018/02/21 13:30:15 [DEBUG] Successfully added identity rca-org2-admin to the database
2018/02/21 13:30:15 [DEBUG] Registered identity: { Name:**** Pass:**** Type:client Affiliation: MaxEnrollments:-1 Attrs:map[hf.GenCRL:1 hf.Registrar.Attributes:* hf.AffiliationMgr:1 hf.Registrar.Roles:peer,orderer,client,user hf.Registrar.DelegateRoles:peer,orderer,client,user hf.Revoker:1 hf.IntermediateCA:1]  }
2018/02/21 13:30:15 [DEBUG] Successfully loaded identity table
2018/02/21 13:30:15 [DEBUG] Loading affiliations table
2018/02/21 13:30:15 [DEBUG] DB: Add affiliation org1
2018/02/21 13:30:15 [DEBUG] Affiliation 'org1' added
2018/02/21 13:30:15 [DEBUG] DB: Add affiliation org1.department1
2018/02/21 13:30:15 [DEBUG] Affiliation 'org1.department1' added
2018/02/21 13:30:15 [DEBUG] DB: Add affiliation org1.department2
2018/02/21 13:30:15 [DEBUG] Affiliation 'org1.department2' added
2018/02/21 13:30:15 [DEBUG] DB: Add affiliation org2
2018/02/21 13:30:15 [DEBUG] Affiliation 'org2' added
2018/02/21 13:30:15 [DEBUG] DB: Add affiliation org2.department1
2018/02/21 13:30:15 [DEBUG] Affiliation 'org2.department1' added
2018/02/21 13:30:15 [DEBUG] Successfully loaded affiliations table
2018/02/21 13:30:15 [DEBUG] Checking and performing migration, if needed
2018/02/21 13:30:15 [DEBUG] Updating database level to &{Identity:1 Affiliation:1 Certificate:1}
2018/02/21 13:30:15 [INFO] Initialized sqlite3 database at /etc/hyperledger/fabric-ca/fabric-ca-server.db
2018/02/21 13:30:15 [DEBUG] Initializing enrollment signer
2018/02/21 13:30:15 [DEBUG] validating configuration
2018/02/21 13:30:15 [DEBUG] validate local profile
2018/02/21 13:30:15 [DEBUG] profile is valid
2018/02/21 13:30:15 [DEBUG] validate local profile
2018/02/21 13:30:15 [DEBUG] profile is valid
2018/02/21 13:30:15 [DEBUG] validate local profile
2018/02/21 13:30:15 [DEBUG] profile is valid
2018/02/21 13:30:15 [DEBUG] CA initialization successful
2018/02/21 13:30:15 [INFO] Home directory for default CA: /etc/hyperledger/fabric-ca
2018/02/21 13:30:15 [DEBUG] Closing server DBs
2018/02/21 13:30:15 [INFO] Initialization was successful
2018/02/21 13:30:15 [INFO] Configuration file location: /etc/hyperledger/fabric-ca/fabric-ca-server-config.yaml
2018/02/21 13:30:15 [INFO] Starting server in home directory: /etc/hyperledger/fabric-ca
2018/02/21 13:30:15 [INFO] Server Version: 1.1.0-alpha
2018/02/21 13:30:15 [INFO] Server Levels: &{Identity:1 Affiliation:1 Certificate:1}
2018/02/21 13:30:15 [DEBUG] Making server filenames absolute
2018/02/21 13:30:15 [DEBUG] Initializing default CA in directory /etc/hyperledger/fabric-ca
2018/02/21 13:30:15 [DEBUG] Init CA with home /etc/hyperledger/fabric-ca and config {Version:1.1.0-alpha Cfg:{Identities:{AllowRemove:false} Affiliations:{AllowRemove:false}} CA:{Name: Keyfile: Certfile:ca-cert.pem Chainfile:ca-chain.pem} Signing:0xc42028f3b0 CSR:{CN:rca-org2 Names:[{C:US ST:North Carolina L: O:Hyperledger OU:Fabric SerialNumber:}] Hosts:[rca-org2] KeyRequest:<nil> CA:0xc42025fa20 SerialNumber:} Registry:{MaxEnrollments:-1 Identities:[{ Name:**** Pass:**** Type:client Affiliation: MaxEnrollments:0 Attrs:map[hf.GenCRL:1 hf.Registrar.Attributes:* hf.AffiliationMgr:1 hf.Registrar.Roles:peer,orderer,client,user hf.Registrar.DelegateRoles:peer,orderer,client,user hf.Revoker:1 hf.IntermediateCA:1]  }]} Affiliations:map[org2:[department1] org1:[department1 department2]] LDAP:{ Enabled:false URL:ldap://****:****@<host>:<port>/<base> UserFilter:(uid=%s) GroupFilter:(memberUid=%s) Attribute:{[uid member] [{ }] map[groups:[{ }]]} TLS:{false [] { }}  } DB:{ Type:sqlite3 Datasource:fabric-ca-server.db TLS:{false [] { }}  } CSP:0xc42025fe20 Client:<nil> Intermediate:{ParentServer:{ URL: CAName:  } TLS:{Enabled:false CertFiles:[] Client:{KeyFile: CertFile:}} Enrollment:{ Name: Secret:**** Profile: Label: CSR:<nil> CAName: AttrReqs:[]  }} CRL:{Expiry:24h0m0s}}
2018/02/21 13:30:15 [DEBUG] CA Home Directory: /etc/hyperledger/fabric-ca
2018/02/21 13:30:15 [DEBUG] Checking configuration file version '1.1.0-alpha' against server version: '1.1.0-alpha'
2018/02/21 13:30:15 [DEBUG] Initializing BCCSP: &{ProviderName:SW SwOpts:0xc4202732c0 Pkcs11Opts:<nil>}
2018/02/21 13:30:15 [DEBUG] Initializing BCCSP with software options &{SecLevel:256 HashFamily:SHA2 Ephemeral:false FileKeystore:0xc4202a5180 DummyKeystore:<nil>}
2018/02/21 13:30:15 [DEBUG] Initialize key material
2018/02/21 13:30:15 [DEBUG] Making CA filenames absolute
2018/02/21 13:30:15 [INFO] The CA key and certificate already exist
2018/02/21 13:30:15 [INFO] The key is stored by BCCSP provider 'SW'
2018/02/21 13:30:15 [INFO] The certificate is at: /etc/hyperledger/fabric-ca/ca-cert.pem
2018/02/21 13:30:15 [DEBUG] Loading CN from existing enrollment information
2018/02/21 13:30:15 [DEBUG] Initializing DB
2018/02/21 13:30:15 [DEBUG] Initializing 'sqlite3' database at '/etc/hyperledger/fabric-ca/fabric-ca-server.db'
2018/02/21 13:30:15 [DEBUG] Using sqlite database, connect to database in home (/etc/hyperledger/fabric-ca/fabric-ca-server.db) directory
2018/02/21 13:30:15 [DEBUG] Creating SQLite database (/etc/hyperledger/fabric-ca/fabric-ca-server.db) if it does not exist...
2018/02/21 13:30:15 [DEBUG] Creating users table if it does not exist
2018/02/21 13:30:15 [DEBUG] Creating affiliations table if it does not exist
2018/02/21 13:30:15 [DEBUG] Creating certificates table if it does not exist
2018/02/21 13:30:15 [DEBUG] Creating properties table if it does not exist
2018/02/21 13:30:15 [DEBUG] Successfully opened sqlite3 DB
2018/02/21 13:30:15 [DEBUG] Checking database schema...
2018/02/21 13:30:15 [DEBUG] Update SQLite schema, if using outdated schema
2018/02/21 13:30:15 [DEBUG] Initializing identity registry
2018/02/21 13:30:15 [DEBUG] Initialized DB identity registry
2018/02/21 13:30:15 [DEBUG] DB: Get properties [identity.level affiliation.level certificate.level]
2018/02/21 13:30:15 [DEBUG] Checking database levels 'map[affiliation.level:1 certificate.level:1 identity.level:1]' against server levels '&{Identity:1 Affiliation:1 Certificate:1}'
2018/02/21 13:30:15 [DEBUG] Loading identity table
2018/02/21 13:30:15 [DEBUG] Loading identity 'rca-org2-admin'
2018/02/21 13:30:15 [DEBUG] DB: Getting identity rca-org2-admin
2018/02/21 13:30:15 [DEBUG] Identity 'rca-org2-admin' already registered, loaded identity
2018/02/21 13:30:15 [DEBUG] Successfully loaded identity table
2018/02/21 13:30:15 [DEBUG] Loading affiliations table
2018/02/21 13:30:15 [DEBUG] DB: Add affiliation org2
2018/02/21 13:30:15 [DEBUG] Affiliation 'org2' already exists
2018/02/21 13:30:15 [DEBUG] DB: Add affiliation org2.department1
2018/02/21 13:30:15 [DEBUG] Affiliation 'org2.department1' already exists
2018/02/21 13:30:15 [DEBUG] DB: Add affiliation org1
2018/02/21 13:30:15 [DEBUG] Affiliation 'org1' already exists
2018/02/21 13:30:15 [DEBUG] DB: Add affiliation org1.department1
2018/02/21 13:30:15 [DEBUG] Affiliation 'org1.department1' already exists
2018/02/21 13:30:15 [DEBUG] DB: Add affiliation org1.department2
2018/02/21 13:30:15 [DEBUG] Affiliation 'org1.department2' already exists
2018/02/21 13:30:15 [DEBUG] Successfully loaded affiliations table
2018/02/21 13:30:15 [DEBUG] Checking and performing migration, if needed
2018/02/21 13:30:15 [DEBUG] Updating database level to &{Identity:1 Affiliation:1 Certificate:1}
2018/02/21 13:30:15 [INFO] Initialized sqlite3 database at /etc/hyperledger/fabric-ca/fabric-ca-server.db
2018/02/21 13:30:15 [DEBUG] Initializing enrollment signer
2018/02/21 13:30:15 [DEBUG] validating configuration
2018/02/21 13:30:15 [DEBUG] validate local profile
2018/02/21 13:30:15 [DEBUG] profile is valid
2018/02/21 13:30:15 [DEBUG] validate local profile
2018/02/21 13:30:15 [DEBUG] profile is valid
2018/02/21 13:30:15 [DEBUG] validate local profile
2018/02/21 13:30:15 [DEBUG] profile is valid
2018/02/21 13:30:15 [DEBUG] CA initialization successful
2018/02/21 13:30:15 [INFO] Home directory for default CA: /etc/hyperledger/fabric-ca
2018/02/21 13:30:15 [DEBUG] 1 CA instance(s) running on server
2018/02/21 13:30:15 [DEBUG] TLS is enabled
2018/02/21 13:30:15 [DEBUG] TLS enabled but no certificate or key provided, automatically generate TLS credentials
2018/02/21 13:30:15 [DEBUG] TLS CSR: {CN:rca-org2 Names:[{C:US ST:North Carolina L: O:Hyperledger OU:Fabric SerialNumber:}] Hosts:[rca-org2] KeyRequest:<nil> CA:<nil> SerialNumber:}
2018/02/21 13:30:15 [DEBUG] GenCSR &{CN:rca-org2 Names:[{C:US ST:North Carolina L: O:Hyperledger OU:Fabric SerialNumber:}] Hosts:[rca-org2] KeyRequest:<nil> CA:<nil> SerialNumber:}
2018/02/21 13:30:15 [DEBUG] Initializing client with config: &{Debug:false URL: MSPDir: TLS:{Enabled:false CertFiles:[] Client:{KeyFile: CertFile:}} Enrollment:{ Name: Secret:**** Profile: Label: CSR:<nil> CAName: AttrReqs:[]  } CSR:{CN: Names:[] Hosts:[] KeyRequest:<nil> CA:<nil> SerialNumber:} ID:{Name: Type: Secret: MaxEnrollments:0 Affiliation: Attributes:[] CAName:} Revoke:{Name: Serial: AKI: Reason: CAName: GenCRL:false} CAInfo:{CAName:} CAName: CSP:0xc42025fe20}
2018/02/21 13:30:15 [DEBUG] Initializing BCCSP: &{ProviderName:SW SwOpts:0xc4202732c0 Pkcs11Opts:<nil>}
2018/02/21 13:30:15 [DEBUG] Initializing BCCSP with software options &{SecLevel:256 HashFamily:SHA2 Ephemeral:false FileKeystore:0xc4202a5180 DummyKeystore:<nil>}
2018/02/21 13:30:15 [INFO] generating key: &{A:ecdsa S:256}
2018/02/21 13:30:15 [DEBUG] generate key from request: algo=ecdsa, size=256
2018/02/21 13:30:15 [INFO] encoded CSR
2018/02/21 13:30:15 [INFO] signed certificate with serial number 258716542124251090948734295036136566907225765009
2018/02/21 13:30:15 [DEBUG] DB: Insert Certificate
2018/02/21 13:30:15 [DEBUG] Saved serial number as hex 2d514040540dafc1e2932361361d97ef3bb3f491
2018/02/21 13:30:15 [DEBUG] saved certificate with serial number 258716542124251090948734295036136566907225765009
2018/02/21 13:30:15 [DEBUG] TLS Certificate: /etc/hyperledger/fabric-ca/tls-cert.pem, TLS Key: 
2018/02/21 13:30:15 [DEBUG] Client authentication type requested: noclientcert
2018/02/21 13:30:15 [INFO] Listening on https://0.0.0.0:7054
2018/02/21 13:30:16 http: TLS handshake error from 172.20.0.6:59816: EOF
2018/02/21 13:30:16 [DEBUG] Received request for /enroll
2018/02/21 13:30:16 [DEBUG] ca.Config: &{Version:1.1.0-alpha Cfg:{Identities:{AllowRemove:false} Affiliations:{AllowRemove:false}} CA:{Name: Keyfile:/etc/hyperledger/fabric-ca/ca-key.pem Certfile:/etc/hyperledger/fabric-ca/ca-cert.pem Chainfile:/etc/hyperledger/fabric-ca/ca-chain.pem} Signing:0xc42028f3b0 CSR:{CN:rca-org2 Names:[{C:US ST:North Carolina L: O:Hyperledger OU:Fabric SerialNumber:}] Hosts:[rca-org2] KeyRequest:<nil> CA:0xc42025fa20 SerialNumber:} Registry:{MaxEnrollments:-1 Identities:[{ Name:**** Pass:**** Type:client Affiliation: MaxEnrollments:0 Attrs:map[hf.AffiliationMgr:1 hf.Registrar.Roles:peer,orderer,client,user hf.Registrar.DelegateRoles:peer,orderer,client,user hf.Revoker:1 hf.IntermediateCA:1 hf.GenCRL:1 hf.Registrar.Attributes:*]  }]} Affiliations:map[org2:[department1] org1:[department1 department2]] LDAP:{ Enabled:false URL:ldap://****:****@<host>:<port>/<base> UserFilter:(uid=%s) GroupFilter:(memberUid=%s) Attribute:{[uid member] [{ }] map[groups:[{ }]]} TLS:{false [] { }}  } DB:{ Type:sqlite3 Datasource:/etc/hyperledger/fabric-ca/fabric-ca-server.db TLS:{false [] { }}  } CSP:0xc42025fe20 Client:<nil> Intermediate:{ParentServer:{ URL: CAName:  } TLS:{Enabled:false CertFiles:[] Client:{KeyFile: CertFile:}} Enrollment:{ Name: Secret:**** Profile: Label: CSR:<nil> CAName: AttrReqs:[]  }} CRL:{Expiry:24h0m0s}}
2018/02/21 13:30:16 [DEBUG] DB: Getting identity rca-org2-admin
2018/02/21 13:30:16 [DEBUG] DB: Login user rca-org2-admin with max enrollments of -1 and state of 0
2018/02/21 13:30:16 [DEBUG] DB: identity rca-org2-admin successfully logged in
2018/02/21 13:30:16 [DEBUG] Processing sign request: id=rca-org2-admin, CommonName=rca-org2-admin, Subject=<nil>
2018/02/21 13:30:16 [DEBUG] Request is for a CA signing certificate as set in profile 'ca'
2018/02/21 13:30:16 [DEBUG] getUserAttrValue identity=rca-org2-admin, attr=hf.IntermediateCA
2018/02/21 13:30:16 [DEBUG] DB: Getting identity rca-org2-admin
2018/02/21 13:30:16 [DEBUG] getUserAttrValue identity=rca-org2-admin, name=hf.IntermediateCA, value=&{hf.IntermediateCA 1 %!s(bool=false)}
2018/02/21 13:30:16 [DEBUG] Checking CSR fields to make sure that they do not exceed maximum character limits
2018/02/21 13:30:16 [DEBUG] DB: Getting identity rca-org2-admin
2018/02/21 13:30:16 [DEBUG] Finished processing sign request
2018/02/21 13:30:16 [DEBUG] DB: Getting identity rca-org2-admin
2018/02/21 13:30:16 [INFO] signed certificate with serial number 684892214300894574804505739448110913485046112146
2018/02/21 13:30:16 [DEBUG] DB: Insert Certificate
2018/02/21 13:30:16 [DEBUG] Saved serial number as hex 77f7a10a1509455628c121210a376dc36cd95f92
2018/02/21 13:30:16 [DEBUG] saved certificate with serial number 684892214300894574804505739448110913485046112146
2018/02/21 13:30:16 [DEBUG] Successfully incremented state for identity rca-org2-admin to 1
2018/02/21 13:30:16 [INFO] 172.20.0.6:59820 POST /enroll 201 0 "OK"
